c:\users\hayden\documents\visual studio 2013\projects\gamedevgraphics\iceengine\release\vc120.pdb
c:\users\hayden\documents\visual studio 2013\projects\gamedevgraphics\iceengine\release\window.obj
c:\users\hayden\documents\visual studio 2013\projects\gamedevgraphics\iceengine\release\timing.obj
c:\users\hayden\documents\visual studio 2013\projects\gamedevgraphics\iceengine\release\texturecache.obj
c:\users\hayden\documents\visual studio 2013\projects\gamedevgraphics\iceengine\release\spritebatch.obj
c:\users\hayden\documents\visual studio 2013\projects\gamedevgraphics\iceengine\release\sprite.obj
c:\users\hayden\documents\visual studio 2013\projects\gamedevgraphics\iceengine\release\resourcemanager.obj
c:\users\hayden\documents\visual studio 2013\projects\gamedevgraphics\iceengine\release\picopng.obj
c:\users\hayden\documents\visual studio 2013\projects\gamedevgraphics\iceengine\release\iomanager.obj
c:\users\hayden\documents\visual studio 2013\projects\gamedevgraphics\iceengine\release\inputmanager.obj
c:\users\hayden\documents\visual studio 2013\projects\gamedevgraphics\iceengine\release\imageloader.obj
c:\users\hayden\documents\visual studio 2013\projects\gamedevgraphics\iceengine\release\iceengine.obj
c:\users\hayden\documents\visual studio 2013\projects\gamedevgraphics\iceengine\release\glslprogram.obj
c:\users\hayden\documents\visual studio 2013\projects\gamedevgraphics\iceengine\release\errors.obj
c:\users\hayden\documents\visual studio 2013\projects\gamedevgraphics\iceengine\release\camera2d.obj
c:\users\hayden\documents\visual studio 2013\projects\gamedevgraphics\release\iceengine.lib
c:\users\hayden\documents\visual studio 2013\projects\gamedevgraphics\iceengine\release\iceengine.tlog\cl.command.1.tlog
c:\users\hayden\documents\visual studio 2013\projects\gamedevgraphics\iceengine\release\iceengine.tlog\cl.read.1.tlog
c:\users\hayden\documents\visual studio 2013\projects\gamedevgraphics\iceengine\release\iceengine.tlog\cl.write.1.tlog
c:\users\hayden\documents\visual studio 2013\projects\gamedevgraphics\iceengine\release\iceengine.tlog\lib-link.read.1.tlog
c:\users\hayden\documents\visual studio 2013\projects\gamedevgraphics\iceengine\release\iceengine.tlog\lib-link.write.1.tlog
c:\users\hayden\documents\visual studio 2013\projects\gamedevgraphics\iceengine\release\iceengine.tlog\lib.command.1.tlog
