c:\users\hayden\documents\visual studio 2013\projects\gamedevgraphics\zombiegame\debug\vc120.pdb
c:\users\hayden\documents\visual studio 2013\projects\gamedevgraphics\zombiegame\debug\vc120.idb
c:\users\hayden\documents\visual studio 2013\projects\gamedevgraphics\zombiegame\debug\agent.obj
c:\users\hayden\documents\visual studio 2013\projects\gamedevgraphics\zombiegame\debug\human.obj
c:\users\hayden\documents\visual studio 2013\projects\gamedevgraphics\zombiegame\debug\level.obj
c:\users\hayden\documents\visual studio 2013\projects\gamedevgraphics\zombiegame\debug\main.obj
c:\users\hayden\documents\visual studio 2013\projects\gamedevgraphics\zombiegame\debug\maingame.obj
c:\users\hayden\documents\visual studio 2013\projects\gamedevgraphics\zombiegame\debug\player.obj
c:\users\hayden\documents\visual studio 2013\projects\gamedevgraphics\zombiegame\debug\zombie.obj
c:\users\hayden\documents\visual studio 2013\projects\gamedevgraphics\zombiegame\debug\gun.obj
c:\users\hayden\documents\visual studio 2013\projects\gamedevgraphics\zombiegame\debug\bullet.obj
c:\users\hayden\documents\visual studio 2013\projects\gamedevgraphics\debug\zombiegame.pdb
c:\users\hayden\documents\visual studio 2013\projects\gamedevgraphics\zombiegame\debug\zombiegame.tlog\cl.command.1.tlog
c:\users\hayden\documents\visual studio 2013\projects\gamedevgraphics\zombiegame\debug\zombiegame.tlog\cl.read.1.tlog
c:\users\hayden\documents\visual studio 2013\projects\gamedevgraphics\zombiegame\debug\zombiegame.tlog\cl.write.1.tlog
c:\users\hayden\documents\visual studio 2013\projects\gamedevgraphics\zombiegame\debug\zombiegame.tlog\link-cvtres.read.1.tlog
c:\users\hayden\documents\visual studio 2013\projects\gamedevgraphics\zombiegame\debug\zombiegame.tlog\link-cvtres.write.1.tlog
c:\users\hayden\documents\visual studio 2013\projects\gamedevgraphics\zombiegame\debug\zombiegame.tlog\link-rc.read.1.tlog
c:\users\hayden\documents\visual studio 2013\projects\gamedevgraphics\zombiegame\debug\zombiegame.tlog\link-rc.write.1.tlog
c:\users\hayden\documents\visual studio 2013\projects\gamedevgraphics\zombiegame\debug\zombiegame.tlog\link.7920-cvtres.read.1.tlog
c:\users\hayden\documents\visual studio 2013\projects\gamedevgraphics\zombiegame\debug\zombiegame.tlog\link.7920-cvtres.write.1.tlog
c:\users\hayden\documents\visual studio 2013\projects\gamedevgraphics\zombiegame\debug\zombiegame.tlog\link.7920-rc.read.1.tlog
c:\users\hayden\documents\visual studio 2013\projects\gamedevgraphics\zombiegame\debug\zombiegame.tlog\link.7920-rc.write.1.tlog
c:\users\hayden\documents\visual studio 2013\projects\gamedevgraphics\zombiegame\debug\zombiegame.tlog\link.7920.read.1.tlog
c:\users\hayden\documents\visual studio 2013\projects\gamedevgraphics\zombiegame\debug\zombiegame.tlog\link.7920.write.1.tlog
c:\users\hayden\documents\visual studio 2013\projects\gamedevgraphics\zombiegame\debug\zombiegame.tlog\link.command.1.tlog
c:\users\hayden\documents\visual studio 2013\projects\gamedevgraphics\zombiegame\debug\zombiegame.tlog\link.read.1.tlog
c:\users\hayden\documents\visual studio 2013\projects\gamedevgraphics\zombiegame\debug\zombiegame.tlog\link.write.1.tlog
