c:\users\hayden\documents\visual studio 2013\projects\gamedevgraphics\iceengine\debug\vc120.pdb
c:\users\hayden\documents\visual studio 2013\projects\gamedevgraphics\iceengine\debug\vc120.idb
c:\users\hayden\documents\visual studio 2013\projects\gamedevgraphics\iceengine\debug\camera2d.obj
c:\users\hayden\documents\visual studio 2013\projects\gamedevgraphics\iceengine\debug\errors.obj
c:\users\hayden\documents\visual studio 2013\projects\gamedevgraphics\iceengine\debug\glslprogram.obj
c:\users\hayden\documents\visual studio 2013\projects\gamedevgraphics\iceengine\debug\iceengine.obj
c:\users\hayden\documents\visual studio 2013\projects\gamedevgraphics\iceengine\debug\imageloader.obj
c:\users\hayden\documents\visual studio 2013\projects\gamedevgraphics\iceengine\debug\inputmanager.obj
c:\users\hayden\documents\visual studio 2013\projects\gamedevgraphics\iceengine\debug\iomanager.obj
c:\users\hayden\documents\visual studio 2013\projects\gamedevgraphics\iceengine\debug\picopng.obj
c:\users\hayden\documents\visual studio 2013\projects\gamedevgraphics\iceengine\debug\resourcemanager.obj
c:\users\hayden\documents\visual studio 2013\projects\gamedevgraphics\iceengine\debug\sprite.obj
c:\users\hayden\documents\visual studio 2013\projects\gamedevgraphics\iceengine\debug\spritebatch.obj
c:\users\hayden\documents\visual studio 2013\projects\gamedevgraphics\iceengine\debug\texturecache.obj
c:\users\hayden\documents\visual studio 2013\projects\gamedevgraphics\iceengine\debug\timing.obj
c:\users\hayden\documents\visual studio 2013\projects\gamedevgraphics\iceengine\debug\window.obj
c:\users\hayden\documents\visual studio 2013\projects\gamedevgraphics\debug\iceengine.lib
c:\users\hayden\documents\visual studio 2013\projects\gamedevgraphics\iceengine\debug\iceengine.tlog\cl.command.1.tlog
c:\users\hayden\documents\visual studio 2013\projects\gamedevgraphics\iceengine\debug\iceengine.tlog\cl.read.1.tlog
c:\users\hayden\documents\visual studio 2013\projects\gamedevgraphics\iceengine\debug\iceengine.tlog\cl.write.1.tlog
c:\users\hayden\documents\visual studio 2013\projects\gamedevgraphics\iceengine\debug\iceengine.tlog\lib-link.read.1.tlog
c:\users\hayden\documents\visual studio 2013\projects\gamedevgraphics\iceengine\debug\iceengine.tlog\lib-link.write.1.tlog
c:\users\hayden\documents\visual studio 2013\projects\gamedevgraphics\iceengine\debug\iceengine.tlog\lib.command.1.tlog
